<?xml version="1.0" encoding="UTF-8"?>
<testng-results ignored="0" total="1" passed="1" failed="0" skipped="0">
  <reporter-output>
  </reporter-output>
  <suite started-at="2025-02-07T12:38:08 EST" name="Suite" finished-at="2025-02-07T12:39:12 EST" duration-ms="63812">
    <groups>
    </groups>
    <test started-at="2025-02-07T12:38:08 EST" name="Test" finished-at="2025-02-07T12:39:12 EST" duration-ms="63812">
      <class name="final_work.testCase.TestCase">
        <test-method is-config="true" signature="setup()[pri:0, instance:final_work.testCase.TestCase@2dbe250d]" started-at="2025-02-07T12:38:08 EST" name="setup" finished-at="2025-02-07T12:38:31 EST" duration-ms="23135" status="PASS">
          <reporter-output>
          </reporter-output>
        </test-method> <!-- setup -->
        <test-method signature="execution()[pri:0, instance:final_work.testCase.TestCase@2dbe250d]" started-at="2025-02-07T12:38:31 EST" name="execution" finished-at="2025-02-07T12:39:12 EST" duration-ms="40090" status="PASS">
          <reporter-output>
          </reporter-output>
        </test-method> <!-- execution -->
        <test-method is-config="true" signature="tearDown()[pri:0, instance:final_work.testCase.TestCase@2dbe250d]" started-at="2025-02-07T12:39:12 EST" name="tearDown" finished-at="2025-02-07T12:39:12 EST" duration-ms="210" status="PASS">
          <reporter-output>
          </reporter-output>
        </test-method> <!-- tearDown -->
      </class> <!-- final_work.testCase.TestCase -->
    </test> <!-- Test -->
  </suite> <!-- Suite -->
</testng-results>
